

Microchip Technology PIC18 LITE Macro Assembler V1.33 build 59893 
                                                                                               Wed Feb 18 17:36:45 2015

Microchip Technology Omniscient Code Generator (Lite mode) build 59893
     1                           	processor	18F24K20
     2                           	fnconf	rparam,??,?,0
     3                           	opt	pw 120
     4                           	opt	lm
     5                           	psect	intcodelo,global,reloc=2,class=CODE,delta=1
     6                           	psect	cinit,global,reloc=2,class=CODE,delta=1
     7                           	psect	cstackCOMRAM,global,class=COMRAM,space=1,delta=1
     8                           	psect	text0,global,reloc=2,class=CODE,delta=1
     9                           	psect	intcode,global,reloc=2,class=CODE,delta=1
    10                           	psect	intcode_body,global,reloc=2,class=CODE,delta=1
    11                           	psect	intsave_regs,global,class=BIGRAM,space=1,delta=1
    12                           	psect	rparam,global,class=COMRAM,space=1,delta=1
    13  0000                     _LATBbits	set	3978
    14  0000                     _OSCCON	set	4051
    15  0000                     _TRISBbits	set	3987
    16                           
    17 ;; *************** function _low_isr *****************
    18 ;; Defined at:
    19 ;;		line 67 in file "interrupts.c"
    20 ;; Parameters:    Size  Location     Type
    21 ;;		None
    22 ;; Auto vars:     Size  Location     Type
    23 ;;		None
    24 ;; Return value:  Size  Location     Type
    25 ;;		None               void
    26 ;; Registers used:
    27 ;;		None
    28 ;; Tracked objects:
    29 ;;		On entry : 0/0
    30 ;;		On exit  : 0/0
    31 ;;		Unchanged: 0/0
    32 ;; Data sizes:     COMRAM   BANK0   BANK1   BANK2
    33 ;;      Params:         0       0       0       0
    34 ;;      Locals:         0       0       0       0
    35 ;;      Temps:         17       0       0       0
    36 ;;      Totals:        17       0       0       0
    37 ;;Total ram usage:       17 bytes
    38 ;; Hardware stack levels used:    1
    39 ;; Hardware stack levels required when called:    1
    40 ;; This function calls:
    41 ;;		Nothing
    42 ;; This function is called by:
    43 ;;		Interrupt level 1
    44 ;; This function uses a non-reentrant model
    45 ;;
    46                           
    47                           	psect	intcodelo
    48  000018                     __pintcodelo:
    49                           	opt stack 0
    50                           
    51                           ; #config settings
    52  000018                     _low_isr:
    53                           	opt stack 29
    54                           
    55                           ;incstack = 0
    56  000018  CFD8 F001          	movff	status,??_low_isr
    57  00001C  CFE8 F002          	movff	wreg,??_low_isr+1
    58  000020  CFE0 F003          	movff	bsr,??_low_isr+2
    59  000024  CFFA F004          	movff	pclath,??_low_isr+3
    60  000028  CFFB F005          	movff	pclatu,??_low_isr+4
    61  00002C  CFE9 F006          	movff	fsr0l,??_low_isr+5
    62  000030  CFEA F007          	movff	fsr0h,??_low_isr+6
    63  000034  CFE1 F008          	movff	fsr1l,??_low_isr+7
    64  000038  CFE2 F009          	movff	fsr1h,??_low_isr+8
    65  00003C  CFD9 F00A          	movff	fsr2l,??_low_isr+9
    66  000040  CFDA F00B          	movff	fsr2h,??_low_isr+10
    67  000044  CFF3 F00C          	movff	prodl,??_low_isr+11
    68  000048  CFF4 F00D          	movff	prodh,??_low_isr+12
    69  00004C  CFF6 F00E          	movff	tblptrl,??_low_isr+13
    70  000050  CFF7 F00F          	movff	tblptrh,??_low_isr+14
    71  000054  CFF8 F010          	movff	tblptru,??_low_isr+15
    72  000058  CFF5 F011          	movff	tablat,??_low_isr+16
    73  00005C  C011  FFF5         	movff	??_low_isr+16,tablat
    74  000060  C010  FFF8         	movff	??_low_isr+15,tblptru
    75  000064  C00F  FFF7         	movff	??_low_isr+14,tblptrh
    76  000068  C00E  FFF6         	movff	??_low_isr+13,tblptrl
    77  00006C  C00D  FFF4         	movff	??_low_isr+12,prodh
    78  000070  C00C  FFF3         	movff	??_low_isr+11,prodl
    79  000074  C00B  FFDA         	movff	??_low_isr+10,fsr2h
    80  000078  C00A  FFD9         	movff	??_low_isr+9,fsr2l
    81  00007C  C009  FFE2         	movff	??_low_isr+8,fsr1h
    82  000080  C008  FFE1         	movff	??_low_isr+7,fsr1l
    83  000084  C007  FFEA         	movff	??_low_isr+6,fsr0h
    84  000088  C006  FFE9         	movff	??_low_isr+5,fsr0l
    85  00008C  C005  FFFB         	movff	??_low_isr+4,pclatu
    86  000090  C004  FFFA         	movff	??_low_isr+3,pclath
    87  000094  C003  FFE0         	movff	??_low_isr+2,bsr
    88  000098  C002  FFE8         	movff	??_low_isr+1,wreg
    89  00009C  C001  FFD8         	movff	??_low_isr,status
    90  0000A0  0010               	retfie	
    91  0000A2                     __end_of_low_isr:
    92                           	opt stack 0
    93                           pclatu	equ	0xFFB
    94                           pclath	equ	0xFFA
    95                           tblptru	equ	0xFF8
    96                           tblptrh	equ	0xFF7
    97                           tblptrl	equ	0xFF6
    98                           tablat	equ	0xFF5
    99                           prodh	equ	0xFF4
   100                           prodl	equ	0xFF3
   101                           fsr0h	equ	0xFEA
   102                           fsr0l	equ	0xFE9
   103                           wreg	equ	0xFE8
   104                           fsr1h	equ	0xFE2
   105                           fsr1l	equ	0xFE1
   106                           bsr	equ	0xFE0
   107                           fsr2h	equ	0xFDA
   108                           fsr2l	equ	0xFD9
   109                           status	equ	0xFD8
   110                           
   111                           	psect	cinit
   112  00015A                     __pcinit:
   113                           	opt stack 0
   114  00015A                     start_initialization:
   115                           	opt stack 0
   116  00015A                     __initialization:
   117                           	opt stack 0
   118  00015A                     end_of_initialization:
   119                           	opt stack 0
   120  00015A                     __end_of__initialization:
   121                           	opt stack 0
   122  00015A  0100               	movlb	0
   123  00015C  EF86  F000         	goto	_main	;jump to C main() function
   124                           pclatu	equ	0xFFB
   125                           pclath	equ	0xFFA
   126                           tblptru	equ	0xFF8
   127                           tblptrh	equ	0xFF7
   128                           tblptrl	equ	0xFF6
   129                           tablat	equ	0xFF5
   130                           prodh	equ	0xFF4
   131                           prodl	equ	0xFF3
   132                           fsr0h	equ	0xFEA
   133                           fsr0l	equ	0xFE9
   134                           wreg	equ	0xFE8
   135                           fsr1h	equ	0xFE2
   136                           fsr1l	equ	0xFE1
   137                           bsr	equ	0xFE0
   138                           fsr2h	equ	0xFDA
   139                           fsr2l	equ	0xFD9
   140                           status	equ	0xFD8
   141                           
   142                           	psect	cstackCOMRAM
   143  000001                     __pcstackCOMRAM:
   144                           	opt stack 0
   145  000001                     ??_low_isr:
   146  000001                     
   147                           ; 0 bytes @ 0x0
   148  000001                     	ds	17
   149  000012                     ??_high_isr:
   150                           
   151                           ; 0 bytes @ 0x11
   152  000012                     	ds	14
   153  000020                     main@counter:
   154                           	opt stack 0
   155                           
   156                           ; 4 bytes @ 0x1F
   157  000020                     	ds	4
   158                           pclatu	equ	0xFFB
   159                           pclath	equ	0xFFA
   160                           tblptru	equ	0xFF8
   161                           tblptrh	equ	0xFF7
   162                           tblptrl	equ	0xFF6
   163                           tablat	equ	0xFF5
   164                           prodh	equ	0xFF4
   165                           prodl	equ	0xFF3
   166                           fsr0h	equ	0xFEA
   167                           fsr0l	equ	0xFE9
   168                           wreg	equ	0xFE8
   169                           fsr1h	equ	0xFE2
   170                           fsr1l	equ	0xFE1
   171                           bsr	equ	0xFE0
   172                           fsr2h	equ	0xFDA
   173                           fsr2l	equ	0xFD9
   174                           status	equ	0xFD8
   175                           
   176 ;;
   177 ;;Main: autosize = 0, tempsize = 0, incstack = 0, save=0
   178 ;;
   179 ;; *************** function _main *****************
   180 ;; Defined at:
   181 ;;		line 33 in file "main.c"
   182 ;; Parameters:    Size  Location     Type
   183 ;;		None
   184 ;; Auto vars:     Size  Location     Type
   185 ;;  counter         4   31[COMRAM] unsigned long 
   186 ;; Return value:  Size  Location     Type
   187 ;;		None               void
   188 ;; Registers used:
   189 ;;		wreg, status,2, status,0
   190 ;; Tracked objects:
   191 ;;		On entry : 0/0
   192 ;;		On exit  : 0/0
   193 ;;		Unchanged: 0/0
   194 ;; Data sizes:     COMRAM   BANK0   BANK1   BANK2
   195 ;;      Params:         0       0       0       0
   196 ;;      Locals:         4       0       0       0
   197 ;;      Temps:          0       0       0       0
   198 ;;      Totals:         4       0       0       0
   199 ;;Total ram usage:        4 bytes
   200 ;; Hardware stack levels required when called:    2
   201 ;; This function calls:
   202 ;;		Nothing
   203 ;; This function is called by:
   204 ;;		Startup code after reset
   205 ;; This function uses a non-reentrant model
   206 ;;
   207                           
   208                           	psect	text0
   209  00010C                     __ptext0:
   210                           	opt stack 0
   211  00010C                     _main:
   212                           	opt stack 29
   213                           
   214                           ;main.c: 36: unsigned long counter = 0;
   215                           
   216                           ;incstack = 0
   217  00010C  0E00               	movlw	0
   218  00010E  6E20               	movwf	main@counter,c
   219  000110  0E00               	movlw	0
   220  000112  6E21               	movwf	main@counter+1,c
   221  000114  0E00               	movlw	0
   222  000116  6E22               	movwf	main@counter+2,c
   223  000118  0E00               	movlw	0
   224  00011A  6E23               	movwf	main@counter+3,c
   225                           
   226                           ;main.c: 37: OSCCON = 0b01110000;
   227  00011C  0E70               	movlw	112
   228  00011E  6ED3               	movwf	4051,c	;volatile
   229                           
   230                           ;main.c: 40: TRISBbits.RB0 = 0;
   231  000120  9093               	bcf	3987,0,c	;volatile
   232                           
   233                           ;main.c: 43: LATBbits.LB0 = 1;
   234  000122  808A               	bsf	3978,0,c	;volatile
   235  000124                     l15:
   236                           
   237                           ;main.c: 47: counter = 0;
   238  000124  0E00               	movlw	0
   239  000126  6E20               	movwf	main@counter,c
   240  000128  0E00               	movlw	0
   241  00012A  6E21               	movwf	main@counter+1,c
   242  00012C  0E00               	movlw	0
   243  00012E  6E22               	movwf	main@counter+2,c
   244  000130  0E00               	movlw	0
   245  000132  6E23               	movwf	main@counter+3,c
   246                           
   247                           ;main.c: 48: while(counter < 120000){
   248  000134  D006               	goto	l16
   249  000136                     l609:
   250                           
   251                           ;main.c: 49: counter++;
   252  000136  0E01               	movlw	1
   253  000138  2620               	addwf	main@counter,f,c
   254  00013A  0E00               	movlw	0
   255  00013C  2221               	addwfc	main@counter+1,f,c
   256  00013E  2222               	addwfc	main@counter+2,f,c
   257  000140  2223               	addwfc	main@counter+3,f,c
   258  000142                     l16:
   259  000142  0EC0               	movlw	192
   260  000144  5C20               	subwf	main@counter,w,c
   261  000146  0ED4               	movlw	212
   262  000148  5821               	subwfb	main@counter+1,w,c
   263  00014A  0E01               	movlw	1
   264  00014C  5822               	subwfb	main@counter+2,w,c
   265  00014E  0E00               	movlw	0
   266  000150  5823               	subwfb	main@counter+3,w,c
   267  000152  A0D8               	btfss	status,0,c
   268  000154  D7F0               	goto	l609
   269                           
   270                           ;main.c: 50: }
   271                           ;main.c: 54: LATBbits.LB0 ^= 1;
   272  000156  708A               	btg	3978,0,c	;volatile
   273  000158  D7E5               	goto	l15
   274  00015A                     __end_of_main:
   275                           	opt stack 0
   276                           pclatu	equ	0xFFB
   277                           pclath	equ	0xFFA
   278                           tblptru	equ	0xFF8
   279                           tblptrh	equ	0xFF7
   280                           tblptrl	equ	0xFF6
   281                           tablat	equ	0xFF5
   282                           prodh	equ	0xFF4
   283                           prodl	equ	0xFF3
   284                           fsr0h	equ	0xFEA
   285                           fsr0l	equ	0xFE9
   286                           wreg	equ	0xFE8
   287                           fsr1h	equ	0xFE2
   288                           fsr1l	equ	0xFE1
   289                           bsr	equ	0xFE0
   290                           fsr2h	equ	0xFDA
   291                           fsr2l	equ	0xFD9
   292                           status	equ	0xFD8
   293                           
   294 ;; *************** function _high_isr *****************
   295 ;; Defined at:
   296 ;;		line 27 in file "interrupts.c"
   297 ;; Parameters:    Size  Location     Type
   298 ;;		None
   299 ;; Auto vars:     Size  Location     Type
   300 ;;		None
   301 ;; Return value:  Size  Location     Type
   302 ;;		None               void
   303 ;; Registers used:
   304 ;;		None
   305 ;; Tracked objects:
   306 ;;		On entry : 0/0
   307 ;;		On exit  : 0/0
   308 ;;		Unchanged: 0/0
   309 ;; Data sizes:     COMRAM   BANK0   BANK1   BANK2
   310 ;;      Params:         0       0       0       0
   311 ;;      Locals:         0       0       0       0
   312 ;;      Temps:         14       0       0       0
   313 ;;      Totals:        14       0       0       0
   314 ;;Total ram usage:       14 bytes
   315 ;; Hardware stack levels used:    1
   316 ;; This function calls:
   317 ;;		Nothing
   318 ;; This function is called by:
   319 ;;		Interrupt level 2
   320 ;; This function uses a non-reentrant model
   321 ;;
   322                           
   323                           	psect	intcode
   324  000008                     __pintcode:
   325                           	opt stack 0
   326  000008                     _high_isr:
   327                           	opt stack 29
   328                           
   329                           ;incstack = 0
   330  000008  CFFA F012          	movff	pclath,??_high_isr
   331  00000C  CFFB F013          	movff	pclatu,??_high_isr+1
   332  000010  CFE9 F014          	movff	fsr0l,??_high_isr+2
   333  000014  EF53  F000         	goto	int_func
   334                           pclatu	equ	0xFFB
   335                           pclath	equ	0xFFA
   336                           tblptru	equ	0xFF8
   337                           tblptrh	equ	0xFF7
   338                           tblptrl	equ	0xFF6
   339                           tablat	equ	0xFF5
   340                           prodh	equ	0xFF4
   341                           prodl	equ	0xFF3
   342                           fsr0h	equ	0xFEA
   343                           fsr0l	equ	0xFE9
   344                           wreg	equ	0xFE8
   345                           fsr1h	equ	0xFE2
   346                           fsr1l	equ	0xFE1
   347                           bsr	equ	0xFE0
   348                           fsr2h	equ	0xFDA
   349                           fsr2l	equ	0xFD9
   350                           status	equ	0xFD8
   351                           
   352                           	psect	intcode_body
   353  0000A6                     __pintcode_body:
   354                           	opt stack 29
   355  0000A6                     int_func:
   356                           	opt stack 29
   357  0000A6  CFEA F015          	movff	fsr0h,??_high_isr+3
   358  0000AA  CFE1 F016          	movff	fsr1l,??_high_isr+4
   359  0000AE  CFE2 F017          	movff	fsr1h,??_high_isr+5
   360  0000B2  CFD9 F018          	movff	fsr2l,??_high_isr+6
   361  0000B6  CFDA F019          	movff	fsr2h,??_high_isr+7
   362  0000BA  CFF3 F01A          	movff	prodl,??_high_isr+8
   363  0000BE  CFF4 F01B          	movff	prodh,??_high_isr+9
   364  0000C2  CFF6 F01C          	movff	tblptrl,??_high_isr+10
   365  0000C6  CFF7 F01D          	movff	tblptrh,??_high_isr+11
   366  0000CA  CFF8 F01E          	movff	tblptru,??_high_isr+12
   367  0000CE  CFF5 F01F          	movff	tablat,??_high_isr+13
   368  0000D2  C01F  FFF5         	movff	??_high_isr+13,tablat
   369  0000D6  C01E  FFF8         	movff	??_high_isr+12,tblptru
   370  0000DA  C01D  FFF7         	movff	??_high_isr+11,tblptrh
   371  0000DE  C01C  FFF6         	movff	??_high_isr+10,tblptrl
   372  0000E2  C01B  FFF4         	movff	??_high_isr+9,prodh
   373  0000E6  C01A  FFF3         	movff	??_high_isr+8,prodl
   374  0000EA  C019  FFDA         	movff	??_high_isr+7,fsr2h
   375  0000EE  C018  FFD9         	movff	??_high_isr+6,fsr2l
   376  0000F2  C017  FFE2         	movff	??_high_isr+5,fsr1h
   377  0000F6  C016  FFE1         	movff	??_high_isr+4,fsr1l
   378  0000FA  C015  FFEA         	movff	??_high_isr+3,fsr0h
   379  0000FE  C014  FFE9         	movff	??_high_isr+2,fsr0l
   380  000102  C013  FFFB         	movff	??_high_isr+1,pclatu
   381  000106  C012  FFFA         	movff	??_high_isr,pclath
   382  00010A  0011               	retfie		f
   383  00010C                     __end_of_high_isr:
   384                           	opt stack 0
   385  0000                     pclatu	equ	0xFFB
   386                           pclath	equ	0xFFA
   387                           tblptru	equ	0xFF8
   388                           tblptrh	equ	0xFF7
   389                           tblptrl	equ	0xFF6
   390                           tablat	equ	0xFF5
   391                           prodh	equ	0xFF4
   392                           prodl	equ	0xFF3
   393                           fsr0h	equ	0xFEA
   394                           fsr0l	equ	0xFE9
   395                           wreg	equ	0xFE8
   396                           fsr1h	equ	0xFE2
   397                           fsr1l	equ	0xFE1
   398                           bsr	equ	0xFE0
   399                           fsr2h	equ	0xFDA
   400                           fsr2l	equ	0xFD9
   401                           status	equ	0xFD8
   402                           pclatu	equ	0xFFB
   403                           pclath	equ	0xFFA
   404                           tblptru	equ	0xFF8
   405                           tblptrh	equ	0xFF7
   406                           tblptrl	equ	0xFF6
   407                           tablat	equ	0xFF5
   408                           prodh	equ	0xFF4
   409                           prodl	equ	0xFF3
   410                           fsr0h	equ	0xFEA
   411                           fsr0l	equ	0xFE9
   412                           wreg	equ	0xFE8
   413                           fsr1h	equ	0xFE2
   414                           fsr1l	equ	0xFE1
   415                           bsr	equ	0xFE0
   416                           fsr2h	equ	0xFDA
   417                           fsr2l	equ	0xFD9
   418                           status	equ	0xFD8
   419                           
   420                           	psect	rparam
   421  0000                     pclatu	equ	0xFFB
   422                           pclath	equ	0xFFA
   423                           tblptru	equ	0xFF8
   424                           tblptrh	equ	0xFF7
   425                           tblptrl	equ	0xFF6
   426                           tablat	equ	0xFF5
   427                           prodh	equ	0xFF4
   428                           prodl	equ	0xFF3
   429                           fsr0h	equ	0xFEA
   430                           fsr0l	equ	0xFE9
   431                           wreg	equ	0xFE8
   432                           fsr1h	equ	0xFE2
   433                           fsr1l	equ	0xFE1
   434                           bsr	equ	0xFE0
   435                           fsr2h	equ	0xFDA
   436                           fsr2l	equ	0xFD9
   437                           status	equ	0xFD8


Data Sizes:
    Strings     0
    Constant    0
    Data        0
    BSS         0
    Persistent  0
    Stack       0

Auto Spaces:
    Space          Size  Autos    Used
    COMRAM           95     35      35
    BANK0           160      0       0
    BANK1           256      0       0
    BANK2           256      0       0

Pointer List with Targets:

    None.

Critical Paths under _main in COMRAM

    None.

Critical Paths under _high_isr in COMRAM

    None.

Critical Paths under _low_isr in COMRAM

    None.

Critical Paths under _main in BANK0

    None.

Critical Paths under _high_isr in BANK0

    None.

Critical Paths under _low_isr in BANK0

    None.

Critical Paths under _main in BANK1

    None.

Critical Paths under _high_isr in BANK1

    None.

Critical Paths under _low_isr in BANK1

    None.

Critical Paths under _main in BANK2

    None.

Critical Paths under _high_isr in BANK2

    None.

Critical Paths under _low_isr in BANK2

    None.

Call Graph Tables:

 ---------------------------------------------------------------------------------
 (Depth) Function   	        Calls       Base Space   Used Autos Params    Refs
 ---------------------------------------------------------------------------------
 (0) _main                                                 4     4      0      15
                                             31 COMRAM     4     4      0
 ---------------------------------------------------------------------------------
 Estimated maximum stack depth 0
 ---------------------------------------------------------------------------------
 (Depth) Function   	        Calls       Base Space   Used Autos Params    Refs
 ---------------------------------------------------------------------------------
 (1) _low_isr                                             17    17      0       0
                                              0 COMRAM    17    17      0
 ---------------------------------------------------------------------------------
 Estimated maximum stack depth 1
 ---------------------------------------------------------------------------------
 (Depth) Function   	        Calls       Base Space   Used Autos Params    Refs
 ---------------------------------------------------------------------------------
 (2) _high_isr                                            14    14      0       0
                                             17 COMRAM    14    14      0
 ---------------------------------------------------------------------------------
 Estimated maximum stack depth 2
 ---------------------------------------------------------------------------------

 Call Graph Graphs:

 _main (ROOT)

 _low_isr (ROOT)

 _high_isr (ROOT)

 Address spaces:
Name               Size   Autos  Total    Cost      Usage
BITCOMRAM           5F      0       0       0        0.0%
EEDATA             100      0       0       0        0.0%
NULL                 0      0       0       0        0.0%
CODE                 0      0       0       0        0.0%
COMRAM              5F     23      23       1       36.8%
STACK                0      0       0       2        0.0%
ABS                  0      0       0       3        0.0%
BITBANK0            A0      0       0       4        0.0%
BANK0               A0      0       0       5        0.0%
BITBANK1           100      0       0       6        0.0%
BANK1              100      0       0       7        0.0%
BITBANK2           100      0       0       8        0.0%
BANK2              100      0       0       9        0.0%
BIGRAM             2FF      0       0      10        0.0%
DATA                 0      0       0      11        0.0%
BITSFR               0      0       0      40        0.0%
SFR                  0      0       0      40        0.0%


Microchip Technology PIC18 Macro Assembler V1.33 build 59893 
Symbol Table                                                                                   Wed Feb 18 17:36:45 2015

                     l15 0124                       l16 0142                       bsr 000FE0  
           __CFG_CP0$OFF 000000             __CFG_CP1$OFF 000000              __CFG_LVP$ON 000000  
                    l609 0136             __CFG_CPB$OFF 000000             __CFG_CPD$OFF 000000  
           __CFG_BORV$18 000000                      wreg 000FE8              main@counter 0020  
                   _main 010C                     fsr0h 000FEA                     fsr1h 000FE2  
                   fsr0l 000FE9                     fsr2h 000FDA                     fsr1l 000FE1  
                   fsr2l 000FD9                     pclat 000FFA                     prodh 000FF4  
                   prodl 000FF3                     start 00A2            __CFG_IESO$OFF 000000  
          __CFG_MCLRE$ON 000000                    ?_main 0001            __CFG_PWRT$OFF 000000  
          __CFG_WRT0$OFF 000000            __CFG_WRT1$OFF 000000           __CFG_EBTR0$OFF 000000  
         __CFG_FCMEN$OFF 000000           __CFG_EBTR1$OFF 000000            __CFG_WRTB$OFF 000000  
          __CFG_WRTC$OFF 000000            __CFG_WRTD$OFF 000000           __CFG_EBTRB$OFF 000000  
        __end_of_low_isr 00A2                    tablat 000FF5                    status 000FD8  
         __CFG_HFOFST$ON 000000           __CFG_PBADEN$ON 000000          __initialization 015A  
           __end_of_main 015A                   ??_main 0020            __activetblptr 000000  
         __CFG_WDTEN$OFF 000000                   _OSCCON 000FD3           __CFG_XINST$OFF 000000  
       __end_of_high_isr 010C           __CFG_STVREN$ON 000000                ??_low_isr 0001  
                 tblptrh 000FF7                   tblptrl 000FF6                   tblptru 000FF8  
             __accesstop 0060  __end_of__initialization 015A           __pcstackCOMRAM 0001  
              ?_high_isr 0001                  __Hparam 0000                  __Lparam 0000  
                __pcinit 015A                  __ramtop 0300                  __ptext0 010C  
                _low_isr 0018               ??_high_isr 0012           __pintcode_body 00A6  
   end_of_initialization 015A                  int_func 00A6                _TRISBbits 000F93  
    start_initialization 015A         __CFG_LPT1OSC$OFF 000000        __size_of_high_isr 0104  
      __CFG_CCP2MX$PORTC 000000                __pintcode 0008              __pintcodelo 0018  
               ?_low_isr 0001                 _LATBbits 000F8A         __CFG_WDTPS$32768 000000  
               __Hrparam 0000                 __Lrparam 0000       __CFG_BOREN$SBORDIS 000000  
       __size_of_low_isr 008A                 _high_isr 0008            __size_of_main 004E  
               intlevel1 0000                 intlevel2 0000        __CFG_FOSC$INTIO67 000000  
