

Microchip Technology PIC18 LITE Macro Assembler V1.33 build 59893 
                                                                                               Thu Feb 05 16:38:43 2015

Microchip Technology Omniscient Code Generator (Lite mode) build 59893
     1                           	processor	18LF14K22
     2                           	fnconf	rparam,??,?,0
     3                           	opt	pw 120
     4                           	opt	lm
     5                           	psect	intcodelo,global,reloc=2,class=CODE,delta=1
     6                           	psect	cinit,global,reloc=2,class=CODE,delta=1
     7                           	psect	cstackCOMRAM,global,class=COMRAM,space=1,delta=1
     8                           	psect	text0,global,reloc=2,class=CODE,delta=1
     9                           	psect	text1,global,reloc=2,class=CODE,delta=1
    10                           	psect	text2,global,reloc=2,class=CODE,delta=1
    11                           	psect	intcode,global,reloc=2,class=CODE,delta=1
    12                           	psect	intcode_body,global,reloc=2,class=CODE,delta=1
    13                           	psect	intsave_regs,global,class=BIGRAM,space=1,delta=1
    14                           	psect	rparam,global,class=COMRAM,space=1,delta=1
    15  0000                     _LATAbits	set	3977
    16  0000                     _OSCCON	set	4051
    17  0000                     _TRISAbits	set	3986
    18                           
    19 ;; *************** function _low_isr *****************
    20 ;; Defined at:
    21 ;;		line 67 in file "interrupts.c"
    22 ;; Parameters:    Size  Location     Type
    23 ;;		None
    24 ;; Auto vars:     Size  Location     Type
    25 ;;		None
    26 ;; Return value:  Size  Location     Type
    27 ;;		None               void
    28 ;; Registers used:
    29 ;;		None
    30 ;; Tracked objects:
    31 ;;		On entry : 0/0
    32 ;;		On exit  : 0/0
    33 ;;		Unchanged: 0/0
    34 ;; Data sizes:     COMRAM   BANK0   BANK1
    35 ;;      Params:         0       0       0
    36 ;;      Locals:         0       0       0
    37 ;;      Temps:         17       0       0
    38 ;;      Totals:        17       0       0
    39 ;;Total ram usage:       17 bytes
    40 ;; Hardware stack levels used:    1
    41 ;; Hardware stack levels required when called:    1
    42 ;; This function calls:
    43 ;;		Nothing
    44 ;; This function is called by:
    45 ;;		Interrupt level 1
    46 ;; This function uses a non-reentrant model
    47 ;;
    48                           
    49                           	psect	intcodelo
    50  000018                     __pintcodelo:
    51                           	opt stack 0
    52                           
    53                           ; #config settings
    54  000018                     _low_isr:
    55                           	opt stack 28
    56                           
    57                           ;incstack = 0
    58  000018  CFD8 F001          	movff	status,??_low_isr
    59  00001C  CFE8 F002          	movff	wreg,??_low_isr+1
    60  000020  CFE0 F003          	movff	bsr,??_low_isr+2
    61  000024  CFFA F004          	movff	pclath,??_low_isr+3
    62  000028  CFFB F005          	movff	pclatu,??_low_isr+4
    63  00002C  CFE9 F006          	movff	fsr0l,??_low_isr+5
    64  000030  CFEA F007          	movff	fsr0h,??_low_isr+6
    65  000034  CFE1 F008          	movff	fsr1l,??_low_isr+7
    66  000038  CFE2 F009          	movff	fsr1h,??_low_isr+8
    67  00003C  CFD9 F00A          	movff	fsr2l,??_low_isr+9
    68  000040  CFDA F00B          	movff	fsr2h,??_low_isr+10
    69  000044  CFF3 F00C          	movff	prodl,??_low_isr+11
    70  000048  CFF4 F00D          	movff	prodh,??_low_isr+12
    71  00004C  CFF6 F00E          	movff	tblptrl,??_low_isr+13
    72  000050  CFF7 F00F          	movff	tblptrh,??_low_isr+14
    73  000054  CFF8 F010          	movff	tblptru,??_low_isr+15
    74  000058  CFF5 F011          	movff	tablat,??_low_isr+16
    75  00005C  C011  FFF5         	movff	??_low_isr+16,tablat
    76  000060  C010  FFF8         	movff	??_low_isr+15,tblptru
    77  000064  C00F  FFF7         	movff	??_low_isr+14,tblptrh
    78  000068  C00E  FFF6         	movff	??_low_isr+13,tblptrl
    79  00006C  C00D  FFF4         	movff	??_low_isr+12,prodh
    80  000070  C00C  FFF3         	movff	??_low_isr+11,prodl
    81  000074  C00B  FFDA         	movff	??_low_isr+10,fsr2h
    82  000078  C00A  FFD9         	movff	??_low_isr+9,fsr2l
    83  00007C  C009  FFE2         	movff	??_low_isr+8,fsr1h
    84  000080  C008  FFE1         	movff	??_low_isr+7,fsr1l
    85  000084  C007  FFEA         	movff	??_low_isr+6,fsr0h
    86  000088  C006  FFE9         	movff	??_low_isr+5,fsr0l
    87  00008C  C005  FFFB         	movff	??_low_isr+4,pclatu
    88  000090  C004  FFFA         	movff	??_low_isr+3,pclath
    89  000094  C003  FFE0         	movff	??_low_isr+2,bsr
    90  000098  C002  FFE8         	movff	??_low_isr+1,wreg
    91  00009C  C001  FFD8         	movff	??_low_isr,status
    92  0000A0  0010               	retfie	
    93  0000A2                     __end_of_low_isr:
    94                           	opt stack 0
    95                           pclatu	equ	0xFFB
    96                           pclath	equ	0xFFA
    97                           tblptru	equ	0xFF8
    98                           tblptrh	equ	0xFF7
    99                           tblptrl	equ	0xFF6
   100                           tablat	equ	0xFF5
   101                           prodh	equ	0xFF4
   102                           prodl	equ	0xFF3
   103                           fsr0h	equ	0xFEA
   104                           fsr0l	equ	0xFE9
   105                           wreg	equ	0xFE8
   106                           fsr1h	equ	0xFE2
   107                           fsr1l	equ	0xFE1
   108                           bsr	equ	0xFE0
   109                           fsr2h	equ	0xFDA
   110                           fsr2l	equ	0xFD9
   111                           status	equ	0xFD8
   112                           
   113                           	psect	cinit
   114  000162                     __pcinit:
   115                           	opt stack 0
   116  000162                     start_initialization:
   117                           	opt stack 0
   118  000162                     __initialization:
   119                           	opt stack 0
   120  000162                     end_of_initialization:
   121                           	opt stack 0
   122  000162                     __end_of__initialization:
   123                           	opt stack 0
   124  000162  0100               	movlb	0
   125  000164  EF86  F000         	goto	_main	;jump to C main() function
   126                           pclatu	equ	0xFFB
   127                           pclath	equ	0xFFA
   128                           tblptru	equ	0xFF8
   129                           tblptrh	equ	0xFF7
   130                           tblptrl	equ	0xFF6
   131                           tablat	equ	0xFF5
   132                           prodh	equ	0xFF4
   133                           prodl	equ	0xFF3
   134                           fsr0h	equ	0xFEA
   135                           fsr0l	equ	0xFE9
   136                           wreg	equ	0xFE8
   137                           fsr1h	equ	0xFE2
   138                           fsr1l	equ	0xFE1
   139                           bsr	equ	0xFE0
   140                           fsr2h	equ	0xFDA
   141                           fsr2l	equ	0xFD9
   142                           status	equ	0xFD8
   143                           
   144                           	psect	cstackCOMRAM
   145  000001                     __pcstackCOMRAM:
   146                           	opt stack 0
   147  000001                     ??_low_isr:
   148  000001                     
   149                           ; 0 bytes @ 0x0
   150  000001                     	ds	17
   151  000012                     ??_high_isr:
   152                           
   153                           ; 0 bytes @ 0x11
   154  000012                     	ds	14
   155  000020                     main@counter:
   156                           	opt stack 0
   157                           
   158                           ; 4 bytes @ 0x1F
   159  000020                     	ds	4
   160                           pclatu	equ	0xFFB
   161                           pclath	equ	0xFFA
   162                           tblptru	equ	0xFF8
   163                           tblptrh	equ	0xFF7
   164                           tblptrl	equ	0xFF6
   165                           tablat	equ	0xFF5
   166                           prodh	equ	0xFF4
   167                           prodl	equ	0xFF3
   168                           fsr0h	equ	0xFEA
   169                           fsr0l	equ	0xFE9
   170                           wreg	equ	0xFE8
   171                           fsr1h	equ	0xFE2
   172                           fsr1l	equ	0xFE1
   173                           bsr	equ	0xFE0
   174                           fsr2h	equ	0xFDA
   175                           fsr2l	equ	0xFD9
   176                           status	equ	0xFD8
   177                           
   178 ;;
   179 ;;Main: autosize = 0, tempsize = 0, incstack = 0, save=0
   180 ;;
   181 ;; *************** function _main *****************
   182 ;; Defined at:
   183 ;;		line 33 in file "main.c"
   184 ;; Parameters:    Size  Location     Type
   185 ;;		None
   186 ;; Auto vars:     Size  Location     Type
   187 ;;  counter         4   31[COMRAM] unsigned long 
   188 ;; Return value:  Size  Location     Type
   189 ;;		None               void
   190 ;; Registers used:
   191 ;;		wreg, status,2, status,0, cstack
   192 ;; Tracked objects:
   193 ;;		On entry : 0/0
   194 ;;		On exit  : 0/0
   195 ;;		Unchanged: 0/0
   196 ;; Data sizes:     COMRAM   BANK0   BANK1
   197 ;;      Params:         0       0       0
   198 ;;      Locals:         4       0       0
   199 ;;      Temps:          0       0       0
   200 ;;      Totals:         4       0       0
   201 ;;Total ram usage:        4 bytes
   202 ;; Hardware stack levels required when called:    3
   203 ;; This function calls:
   204 ;;		_ConfigureOscillator
   205 ;;		_InitApp
   206 ;; This function is called by:
   207 ;;		Startup code after reset
   208 ;; This function uses a non-reentrant model
   209 ;;
   210                           
   211                           	psect	text0
   212  00010C                     __ptext0:
   213                           	opt stack 0
   214  00010C                     _main:
   215                           	opt stack 28
   216                           
   217                           ;main.c: 36: ConfigureOscillator();
   218                           
   219                           ;incstack = 0
   220  00010C  ECB5  F000         	call	_ConfigureOscillator	;wreg free
   221                           
   222                           ;main.c: 39: InitApp();
   223  000110  ECB4  F000         	call	_InitApp	;wreg free
   224                           
   225                           ;main.c: 42: unsigned long counter = 0;
   226  000114  0E00               	movlw	0
   227  000116  6E20               	movwf	main@counter,c
   228  000118  0E00               	movlw	0
   229  00011A  6E21               	movwf	main@counter+1,c
   230  00011C  0E00               	movlw	0
   231  00011E  6E22               	movwf	main@counter+2,c
   232  000120  0E00               	movlw	0
   233  000122  6E23               	movwf	main@counter+3,c
   234                           
   235                           ;main.c: 43: OSCCON = 0b01110000;
   236  000124  0E70               	movlw	112
   237  000126  6ED3               	movwf	4051,c	;volatile
   238                           
   239                           ;main.c: 45: TRISAbits.RA2 = 0;
   240  000128  9492               	bcf	3986,2,c	;volatile
   241                           
   242                           ;main.c: 47: LATAbits.LA2 = 0;
   243  00012A  9489               	bcf	3977,2,c	;volatile
   244  00012C                     l617:
   245                           
   246                           ;main.c: 50: counter = 0;
   247  00012C  0E00               	movlw	0
   248  00012E  6E20               	movwf	main@counter,c
   249  000130  0E00               	movlw	0
   250  000132  6E21               	movwf	main@counter+1,c
   251  000134  0E00               	movlw	0
   252  000136  6E22               	movwf	main@counter+2,c
   253  000138  0E00               	movlw	0
   254  00013A  6E23               	movwf	main@counter+3,c
   255                           
   256                           ;main.c: 51: while(counter < 120000){
   257  00013C  D006               	goto	l20
   258  00013E                     l619:
   259                           
   260                           ;main.c: 52: counter++;
   261  00013E  0E01               	movlw	1
   262  000140  2620               	addwf	main@counter,f,c
   263  000142  0E00               	movlw	0
   264  000144  2221               	addwfc	main@counter+1,f,c
   265  000146  2222               	addwfc	main@counter+2,f,c
   266  000148  2223               	addwfc	main@counter+3,f,c
   267  00014A                     l20:
   268  00014A  0EC0               	movlw	192
   269  00014C  5C20               	subwf	main@counter,w,c
   270  00014E  0ED4               	movlw	212
   271  000150  5821               	subwfb	main@counter+1,w,c
   272  000152  0E01               	movlw	1
   273  000154  5822               	subwfb	main@counter+2,w,c
   274  000156  0E00               	movlw	0
   275  000158  5823               	subwfb	main@counter+3,w,c
   276  00015A  A0D8               	btfss	status,0,c
   277  00015C  D7F0               	goto	l619
   278                           
   279                           ;main.c: 53: }
   280                           ;main.c: 56: LATAbits.LA2 ^= 1;
   281  00015E  7489               	btg	3977,2,c	;volatile
   282  000160  D7E5               	goto	l617
   283  000162                     __end_of_main:
   284                           	opt stack 0
   285                           pclatu	equ	0xFFB
   286                           pclath	equ	0xFFA
   287                           tblptru	equ	0xFF8
   288                           tblptrh	equ	0xFF7
   289                           tblptrl	equ	0xFF6
   290                           tablat	equ	0xFF5
   291                           prodh	equ	0xFF4
   292                           prodl	equ	0xFF3
   293                           fsr0h	equ	0xFEA
   294                           fsr0l	equ	0xFE9
   295                           wreg	equ	0xFE8
   296                           fsr1h	equ	0xFE2
   297                           fsr1l	equ	0xFE1
   298                           bsr	equ	0xFE0
   299                           fsr2h	equ	0xFDA
   300                           fsr2l	equ	0xFD9
   301                           status	equ	0xFD8
   302                           
   303 ;; *************** function _InitApp *****************
   304 ;; Defined at:
   305 ;;		line 28 in file "user.c"
   306 ;; Parameters:    Size  Location     Type
   307 ;;		None
   308 ;; Auto vars:     Size  Location     Type
   309 ;;		None
   310 ;; Return value:  Size  Location     Type
   311 ;;		None               void
   312 ;; Registers used:
   313 ;;		None
   314 ;; Tracked objects:
   315 ;;		On entry : 0/0
   316 ;;		On exit  : 0/0
   317 ;;		Unchanged: 0/0
   318 ;; Data sizes:     COMRAM   BANK0   BANK1
   319 ;;      Params:         0       0       0
   320 ;;      Locals:         0       0       0
   321 ;;      Temps:          0       0       0
   322 ;;      Totals:         0       0       0
   323 ;;Total ram usage:        0 bytes
   324 ;; Hardware stack levels used:    1
   325 ;; Hardware stack levels required when called:    2
   326 ;; This function calls:
   327 ;;		Nothing
   328 ;; This function is called by:
   329 ;;		_main
   330 ;; This function uses a non-reentrant model
   331 ;;
   332                           
   333                           	psect	text1
   334  000168                     __ptext1:
   335                           	opt stack 0
   336  000168                     _InitApp:
   337                           	opt stack 28
   338                           
   339                           ;incstack = 0
   340  000168  0012               	return	
   341  00016A                     __end_of_InitApp:
   342                           	opt stack 0
   343                           pclatu	equ	0xFFB
   344                           pclath	equ	0xFFA
   345                           tblptru	equ	0xFF8
   346                           tblptrh	equ	0xFF7
   347                           tblptrl	equ	0xFF6
   348                           tablat	equ	0xFF5
   349                           prodh	equ	0xFF4
   350                           prodl	equ	0xFF3
   351                           fsr0h	equ	0xFEA
   352                           fsr0l	equ	0xFE9
   353                           wreg	equ	0xFE8
   354                           fsr1h	equ	0xFE2
   355                           fsr1l	equ	0xFE1
   356                           bsr	equ	0xFE0
   357                           fsr2h	equ	0xFDA
   358                           fsr2l	equ	0xFD9
   359                           status	equ	0xFD8
   360                           
   361 ;; *************** function _ConfigureOscillator *****************
   362 ;; Defined at:
   363 ;;		line 24 in file "system.c"
   364 ;; Parameters:    Size  Location     Type
   365 ;;		None
   366 ;; Auto vars:     Size  Location     Type
   367 ;;		None
   368 ;; Return value:  Size  Location     Type
   369 ;;		None               void
   370 ;; Registers used:
   371 ;;		None
   372 ;; Tracked objects:
   373 ;;		On entry : 0/0
   374 ;;		On exit  : 0/0
   375 ;;		Unchanged: 0/0
   376 ;; Data sizes:     COMRAM   BANK0   BANK1
   377 ;;      Params:         0       0       0
   378 ;;      Locals:         0       0       0
   379 ;;      Temps:          0       0       0
   380 ;;      Totals:         0       0       0
   381 ;;Total ram usage:        0 bytes
   382 ;; Hardware stack levels used:    1
   383 ;; Hardware stack levels required when called:    2
   384 ;; This function calls:
   385 ;;		Nothing
   386 ;; This function is called by:
   387 ;;		_main
   388 ;; This function uses a non-reentrant model
   389 ;;
   390                           
   391                           	psect	text2
   392  00016A                     __ptext2:
   393                           	opt stack 0
   394  00016A                     _ConfigureOscillator:
   395                           	opt stack 28
   396                           
   397                           ;incstack = 0
   398  00016A  0012               	return	
   399  00016C                     __end_of_ConfigureOscillator:
   400                           	opt stack 0
   401                           pclatu	equ	0xFFB
   402                           pclath	equ	0xFFA
   403                           tblptru	equ	0xFF8
   404                           tblptrh	equ	0xFF7
   405                           tblptrl	equ	0xFF6
   406                           tablat	equ	0xFF5
   407                           prodh	equ	0xFF4
   408                           prodl	equ	0xFF3
   409                           fsr0h	equ	0xFEA
   410                           fsr0l	equ	0xFE9
   411                           wreg	equ	0xFE8
   412                           fsr1h	equ	0xFE2
   413                           fsr1l	equ	0xFE1
   414                           bsr	equ	0xFE0
   415                           fsr2h	equ	0xFDA
   416                           fsr2l	equ	0xFD9
   417                           status	equ	0xFD8
   418                           
   419 ;; *************** function _high_isr *****************
   420 ;; Defined at:
   421 ;;		line 27 in file "interrupts.c"
   422 ;; Parameters:    Size  Location     Type
   423 ;;		None
   424 ;; Auto vars:     Size  Location     Type
   425 ;;		None
   426 ;; Return value:  Size  Location     Type
   427 ;;		None               void
   428 ;; Registers used:
   429 ;;		None
   430 ;; Tracked objects:
   431 ;;		On entry : 0/0
   432 ;;		On exit  : 0/0
   433 ;;		Unchanged: 0/0
   434 ;; Data sizes:     COMRAM   BANK0   BANK1
   435 ;;      Params:         0       0       0
   436 ;;      Locals:         0       0       0
   437 ;;      Temps:         14       0       0
   438 ;;      Totals:        14       0       0
   439 ;;Total ram usage:       14 bytes
   440 ;; Hardware stack levels used:    1
   441 ;; This function calls:
   442 ;;		Nothing
   443 ;; This function is called by:
   444 ;;		Interrupt level 2
   445 ;; This function uses a non-reentrant model
   446 ;;
   447                           
   448                           	psect	intcode
   449  000008                     __pintcode:
   450                           	opt stack 0
   451  000008                     _high_isr:
   452                           	opt stack 28
   453                           
   454                           ;incstack = 0
   455  000008  CFFA F012          	movff	pclath,??_high_isr
   456  00000C  CFFB F013          	movff	pclatu,??_high_isr+1
   457  000010  CFE9 F014          	movff	fsr0l,??_high_isr+2
   458  000014  EF53  F000         	goto	int_func
   459                           pclatu	equ	0xFFB
   460                           pclath	equ	0xFFA
   461                           tblptru	equ	0xFF8
   462                           tblptrh	equ	0xFF7
   463                           tblptrl	equ	0xFF6
   464                           tablat	equ	0xFF5
   465                           prodh	equ	0xFF4
   466                           prodl	equ	0xFF3
   467                           fsr0h	equ	0xFEA
   468                           fsr0l	equ	0xFE9
   469                           wreg	equ	0xFE8
   470                           fsr1h	equ	0xFE2
   471                           fsr1l	equ	0xFE1
   472                           bsr	equ	0xFE0
   473                           fsr2h	equ	0xFDA
   474                           fsr2l	equ	0xFD9
   475                           status	equ	0xFD8
   476                           
   477                           	psect	intcode_body
   478  0000A6                     __pintcode_body:
   479                           	opt stack 28
   480  0000A6                     int_func:
   481                           	opt stack 28
   482  0000A6  CFEA F015          	movff	fsr0h,??_high_isr+3
   483  0000AA  CFE1 F016          	movff	fsr1l,??_high_isr+4
   484  0000AE  CFE2 F017          	movff	fsr1h,??_high_isr+5
   485  0000B2  CFD9 F018          	movff	fsr2l,??_high_isr+6
   486  0000B6  CFDA F019          	movff	fsr2h,??_high_isr+7
   487  0000BA  CFF3 F01A          	movff	prodl,??_high_isr+8
   488  0000BE  CFF4 F01B          	movff	prodh,??_high_isr+9
   489  0000C2  CFF6 F01C          	movff	tblptrl,??_high_isr+10
   490  0000C6  CFF7 F01D          	movff	tblptrh,??_high_isr+11
   491  0000CA  CFF8 F01E          	movff	tblptru,??_high_isr+12
   492  0000CE  CFF5 F01F          	movff	tablat,??_high_isr+13
   493  0000D2  C01F  FFF5         	movff	??_high_isr+13,tablat
   494  0000D6  C01E  FFF8         	movff	??_high_isr+12,tblptru
   495  0000DA  C01D  FFF7         	movff	??_high_isr+11,tblptrh
   496  0000DE  C01C  FFF6         	movff	??_high_isr+10,tblptrl
   497  0000E2  C01B  FFF4         	movff	??_high_isr+9,prodh
   498  0000E6  C01A  FFF3         	movff	??_high_isr+8,prodl
   499  0000EA  C019  FFDA         	movff	??_high_isr+7,fsr2h
   500  0000EE  C018  FFD9         	movff	??_high_isr+6,fsr2l
   501  0000F2  C017  FFE2         	movff	??_high_isr+5,fsr1h
   502  0000F6  C016  FFE1         	movff	??_high_isr+4,fsr1l
   503  0000FA  C015  FFEA         	movff	??_high_isr+3,fsr0h
   504  0000FE  C014  FFE9         	movff	??_high_isr+2,fsr0l
   505  000102  C013  FFFB         	movff	??_high_isr+1,pclatu
   506  000106  C012  FFFA         	movff	??_high_isr,pclath
   507  00010A  0011               	retfie		f
   508  00010C                     __end_of_high_isr:
   509                           	opt stack 0
   510  0000                     pclatu	equ	0xFFB
   511                           pclath	equ	0xFFA
   512                           tblptru	equ	0xFF8
   513                           tblptrh	equ	0xFF7
   514                           tblptrl	equ	0xFF6
   515                           tablat	equ	0xFF5
   516                           prodh	equ	0xFF4
   517                           prodl	equ	0xFF3
   518                           fsr0h	equ	0xFEA
   519                           fsr0l	equ	0xFE9
   520                           wreg	equ	0xFE8
   521                           fsr1h	equ	0xFE2
   522                           fsr1l	equ	0xFE1
   523                           bsr	equ	0xFE0
   524                           fsr2h	equ	0xFDA
   525                           fsr2l	equ	0xFD9
   526                           status	equ	0xFD8
   527                           pclatu	equ	0xFFB
   528                           pclath	equ	0xFFA
   529                           tblptru	equ	0xFF8
   530                           tblptrh	equ	0xFF7
   531                           tblptrl	equ	0xFF6
   532                           tablat	equ	0xFF5
   533                           prodh	equ	0xFF4
   534                           prodl	equ	0xFF3
   535                           fsr0h	equ	0xFEA
   536                           fsr0l	equ	0xFE9
   537                           wreg	equ	0xFE8
   538                           fsr1h	equ	0xFE2
   539                           fsr1l	equ	0xFE1
   540                           bsr	equ	0xFE0
   541                           fsr2h	equ	0xFDA
   542                           fsr2l	equ	0xFD9
   543                           status	equ	0xFD8
   544                           
   545                           	psect	rparam
   546  0000                     pclatu	equ	0xFFB
   547                           pclath	equ	0xFFA
   548                           tblptru	equ	0xFF8
   549                           tblptrh	equ	0xFF7
   550                           tblptrl	equ	0xFF6
   551                           tablat	equ	0xFF5
   552                           prodh	equ	0xFF4
   553                           prodl	equ	0xFF3
   554                           fsr0h	equ	0xFEA
   555                           fsr0l	equ	0xFE9
   556                           wreg	equ	0xFE8
   557                           fsr1h	equ	0xFE2
   558                           fsr1l	equ	0xFE1
   559                           bsr	equ	0xFE0
   560                           fsr2h	equ	0xFDA
   561                           fsr2l	equ	0xFD9
   562                           status	equ	0xFD8


Data Sizes:
    Strings     0
    Constant    0
    Data        0
    BSS         0
    Persistent  0
    Stack       0

Auto Spaces:
    Space          Size  Autos    Used
    COMRAM           95     35      35
    BANK0           160      0       0
    BANK1           256      0       0

Pointer List with Targets:

    None.

Critical Paths under _main in COMRAM

    None.

Critical Paths under _high_isr in COMRAM

    None.

Critical Paths under _low_isr in COMRAM

    None.

Critical Paths under _main in BANK0

    None.

Critical Paths under _high_isr in BANK0

    None.

Critical Paths under _low_isr in BANK0

    None.

Critical Paths under _main in BANK1

    None.

Critical Paths under _high_isr in BANK1

    None.

Critical Paths under _low_isr in BANK1

    None.

Call Graph Tables:

 ---------------------------------------------------------------------------------
 (Depth) Function   	        Calls       Base Space   Used Autos Params    Refs
 ---------------------------------------------------------------------------------
 (0) _main                                                 4     4      0      15
                                             31 COMRAM     4     4      0
                _ConfigureOscillator
                            _InitApp
 ---------------------------------------------------------------------------------
 (1) _InitApp                                              0     0      0       0
 ---------------------------------------------------------------------------------
 (1) _ConfigureOscillator                                  0     0      0       0
 ---------------------------------------------------------------------------------
 Estimated maximum stack depth 1
 ---------------------------------------------------------------------------------
 (Depth) Function   	        Calls       Base Space   Used Autos Params    Refs
 ---------------------------------------------------------------------------------
 (2) _low_isr                                             17    17      0       0
                                              0 COMRAM    17    17      0
 ---------------------------------------------------------------------------------
 Estimated maximum stack depth 2
 ---------------------------------------------------------------------------------
 (Depth) Function   	        Calls       Base Space   Used Autos Params    Refs
 ---------------------------------------------------------------------------------
 (3) _high_isr                                            14    14      0       0
                                             17 COMRAM    14    14      0
 ---------------------------------------------------------------------------------
 Estimated maximum stack depth 3
 ---------------------------------------------------------------------------------

 Call Graph Graphs:

 _main (ROOT)
   _ConfigureOscillator
   _InitApp

 _low_isr (ROOT)

 _high_isr (ROOT)

 Address spaces:
Name               Size   Autos  Total    Cost      Usage
BITCOMRAM           5F      0       0       0        0.0%
EEDATA             100      0       0       0        0.0%
NULL                 0      0       0       0        0.0%
CODE                 0      0       0       0        0.0%
COMRAM              5F     23      23       1       36.8%
STACK                0      0       0       2        0.0%
BITBANK0            A0      0       0       3        0.0%
BANK0               A0      0       0       4        0.0%
BITBANK1           100      0       0       5        0.0%
BANK1              100      0       0       6        0.0%
ABS                  0      0       0       7        0.0%
BIGRAM             1FF      0       0       8        0.0%
DATA                 0      0       0       9        0.0%
BITSFR               0      0       0      40        0.0%
SFR                  0      0       0      40        0.0%


Microchip Technology PIC18 Macro Assembler V1.33 build 59893 
Symbol Table                                                                                   Thu Feb 05 16:38:43 2015

                          l20 014A                            bsr 000FE0                  __CFG_CP0$OFF 000000  
                __CFG_CP1$OFF 000000                           l617 012C                           l619 013E  
                __CFG_CPB$OFF 000000                  __CFG_CPD$OFF 000000                  __CFG_BORV$19 000000  
                         wreg 000FE8                  __CFG_LVP$OFF 000000                   main@counter 0020  
                        _main 010C                          fsr0h 000FEA                          fsr1h 000FE2  
                        fsr0l 000FE9                          fsr2h 000FDA                          fsr1l 000FE1  
                        fsr2l 000FD9                          pclat 000FFA                          prodh 000FF4  
                        prodl 000FF3                          start 00A2                 __CFG_IESO$OFF 000000  
               __CFG_FOSC$IRC 000000                 __CFG_MCLRE$ON 000000               __end_of_InitApp 016A  
                       ?_main 0001                __CFG_BBSIZ$OFF 000000           _ConfigureOscillator 016A  
               __CFG_WRT0$OFF 000000                 __CFG_WRT1$OFF 000000                __CFG_EBTR0$OFF 000000  
              __CFG_FCMEN$OFF 000000                __CFG_EBTR1$OFF 000000                 __CFG_WRTB$OFF 000000  
               __CFG_WRTC$OFF 000000                 __CFG_WRTD$OFF 000000                __CFG_EBTRB$OFF 000000  
             __end_of_low_isr 00A2                         tablat 000FF5                         status 000FD8  
              __CFG_HFOFST$ON 000000          ?_ConfigureOscillator 0001               __initialization 0162  
                __end_of_main 0162                __CFG_PCLKEN$ON 000000                        ??_main 0020  
               __activetblptr 000000                __CFG_PLLEN$OFF 000000                __CFG_WDTEN$OFF 000000  
                      _OSCCON 000FD3                     ??_InitApp 0020         ??_ConfigureOscillator 0020  
              __CFG_XINST$OFF 000000              __end_of_high_isr 010C                __CFG_STVREN$ON 000000  
                   ??_low_isr 0001                        tblptrh 000FF7                        tblptrl 000FF6  
                      tblptru 000FF8                    __accesstop 0060       __end_of__initialization 0162  
              __pcstackCOMRAM 0001                     ?_high_isr 0001                       _InitApp 0168  
             __CFG_PWRTEN$OFF 000000                       __Hparam 0000                       __Lparam 0000  
                     __pcinit 0162                       __ramtop 0200                       __ptext0 010C  
                     __ptext1 0168                       __ptext2 016A                       _low_isr 0018  
                  ??_high_isr 0012                __pintcode_body 00A6          end_of_initialization 0162  
                     int_func 00A6                     _TRISAbits 000F92   __end_of_ConfigureOscillator 016C  
         start_initialization 0162             __size_of_high_isr 0104                      ?_InitApp 0001  
                   __pintcode 0008                   __pintcodelo 0018                      ?_low_isr 0001  
                    _LATAbits 000F89              __CFG_WDTPS$32768 000000              __size_of_InitApp 0002  
                    __Hrparam 0000                      __Lrparam 0000            __CFG_BOREN$SBORDIS 000000  
            __size_of_low_isr 008A                      _high_isr 0008                 __size_of_main 0056  
__size_of_ConfigureOscillator 0002                      intlevel1 0000                      intlevel2 0000  
